This file contains any messages produced by compilers while
running configure, to aid debugging if configure makes a mistake.

It was created by ion configure open source 3.7.4/4.1.0, which was
generated by GNU Autoconf 2.69.  Invocation command line was

  $ ./configure CFLAGS=-O0 -ggdb3 CPPFLAGS=-O0 -ggdb3 CXXFLAGS=-O0 -ggdb3

## --------- ##
## Platform. ##
## --------- ##

hostname = w1nz4c4r-DTN
uname -m = x86_64
uname -r = 5.18.0-1parrot1-amd64
uname -s = Linux
uname -v = #1 SMP PREEMPT_DYNAMIC Debian 5.18.2-1parrot1 (2022-06-21)

/usr/bin/uname -p = unknown
/bin/uname -X     = unknown

/bin/arch              = x86_64
/usr/bin/arch -k       = unknown
/usr/convex/getsysinfo = unknown
/usr/bin/hostinfo      = unknown
/bin/machine           = unknown
/usr/bin/oslevel       = unknown
/bin/universe          = unknown

PATH: /usr/local/bin
PATH: /usr/bin
PATH: /bin
PATH: /usr/local/games
PATH: /usr/games
PATH: /usr/share/games
PATH: /usr/local/sbin
PATH: /usr/sbin
PATH: /sbin
PATH: /home/w1nz4c4r/.local/bin
PATH: /snap/bin
PATH: /usr/local/bin
PATH: /usr/bin
PATH: /bin
PATH: /usr/local/games
PATH: /usr/games


## ----------- ##
## Core tests. ##
## ----------- ##

configure:2426: checking for a BSD-compatible install
configure:2494: result: /usr/bin/install -c
configure:2505: checking whether build environment is sane
configure:2560: result: yes
configure:2706: checking for a thread-safe mkdir -p
configure:2745: result: /usr/bin/mkdir -p
configure:2752: checking for gawk
configure:2782: result: no
configure:2752: checking for mawk
configure:2768: found /usr/bin/mawk
configure:2779: result: mawk
configure:2790: checking whether make sets $(MAKE)
configure:2812: result: yes
configure:2841: checking whether make supports nested variables
configure:2858: result: yes
configure:3041: checking for gcc
configure:3057: found /usr/bin/gcc
configure:3068: result: gcc
configure:3297: checking for C compiler version
configure:3306: gcc --version >&5
gcc (Debian 10.2.1-6) 10.2.1 20210110
Copyright (C) 2020 Free Software Foundation, Inc.
This is free software; see the source for copying conditions.  There is NO
warranty; not even for MERCHANTABILITY or FITNESS FOR A PARTICULAR PURPOSE.

configure:3317: $? = 0
configure:3306: gcc -v >&5
Using built-in specs.
COLLECT_GCC=gcc
COLLECT_LTO_WRAPPER=/usr/lib/gcc/x86_64-linux-gnu/10/lto-wrapper
OFFLOAD_TARGET_NAMES=nvptx-none:amdgcn-amdhsa:hsa
OFFLOAD_TARGET_DEFAULT=1
Target: x86_64-linux-gnu
Configured with: ../src/configure -v --with-pkgversion='Debian 10.2.1-6' --with-bugurl=file:///usr/share/doc/gcc-10/README.Bugs --enable-languages=c,ada,c++,go,brig,d,fortran,objc,obj-c++,m2 --prefix=/usr --with-gcc-major-version-only --program-suffix=-10 --program-prefix=x86_64-linux-gnu- --enable-shared --enable-linker-build-id --libexecdir=/usr/lib --without-included-gettext --enable-threads=posix --libdir=/usr/lib --enable-nls --enable-bootstrap --enable-clocale=gnu --enable-libstdcxx-debug --enable-libstdcxx-time=yes --with-default-libstdcxx-abi=new --enable-gnu-unique-object --disable-vtable-verify --enable-plugin --enable-default-pie --with-system-zlib --enable-libphobos-checking=release --with-target-system-zlib=auto --enable-objc-gc=auto --enable-multiarch --disable-werror --with-arch-32=i686 --with-abi=m64 --with-multilib-list=m32,m64,mx32 --enable-multilib --with-tune=generic --enable-offload-targets=nvptx-none=/build/gcc-10-Km9U7s/gcc-10-10.2.1/debian/tmp-nvptx/usr,amdgcn-amdhsa=/build/gcc-10-Km9U7s/gcc-10-10.2.1/debian/tmp-gcn/usr,hsa --without-cuda-driver --enable-checking=release --build=x86_64-linux-gnu --host=x86_64-linux-gnu --target=x86_64-linux-gnu --with-build-config=bootstrap-lto-lean --enable-link-mutex
Thread model: posix
Supported LTO compression algorithms: zlib zstd
gcc version 10.2.1 20210110 (Debian 10.2.1-6) 
... rest of stderr output deleted ...
configure:3317: $? = 0
configure:3306: gcc -V >&5
gcc: error: unrecognized command-line option '-V'
gcc: fatal error: no input files
compilation terminated.
configure:3317: $? = 1
configure:3306: gcc -qversion >&5
gcc: error: unrecognized command-line option '-qversion'; did you mean '--version'?
gcc: fatal error: no input files
compilation terminated.
configure:3317: $? = 1
configure:3337: checking whether the C compiler works
configure:3359: gcc -O0 -ggdb3 -O0 -ggdb3  conftest.c  >&5
configure:3363: $? = 0
configure:3411: result: yes
configure:3414: checking for C compiler default output file name
configure:3416: result: a.out
configure:3422: checking for suffix of executables
configure:3429: gcc -o conftest -O0 -ggdb3 -O0 -ggdb3  conftest.c  >&5
configure:3433: $? = 0
configure:3455: result: 
configure:3477: checking whether we are cross compiling
configure:3485: gcc -o conftest -O0 -ggdb3 -O0 -ggdb3  conftest.c  >&5
configure:3489: $? = 0
configure:3496: ./conftest
configure:3500: $? = 0
configure:3515: result: no
configure:3520: checking for suffix of object files
configure:3542: gcc -c -O0 -ggdb3 -O0 -ggdb3 conftest.c >&5
configure:3546: $? = 0
configure:3567: result: o
configure:3571: checking whether we are using the GNU C compiler
configure:3590: gcc -c -O0 -ggdb3 -O0 -ggdb3 conftest.c >&5
configure:3590: $? = 0
configure:3599: result: yes
configure:3608: checking whether gcc accepts -g
configure:3628: gcc -c -g -O0 -ggdb3 conftest.c >&5
configure:3628: $? = 0
configure:3669: result: yes
configure:3686: checking for gcc option to accept ISO C89
configure:3749: gcc  -c -O0 -ggdb3 -O0 -ggdb3 conftest.c >&5
configure:3749: $? = 0
configure:3762: result: none needed
configure:3787: checking whether gcc understands -c and -o together
configure:3809: gcc -c conftest.c -o conftest2.o
configure:3812: $? = 0
configure:3809: gcc -c conftest.c -o conftest2.o
configure:3812: $? = 0
configure:3824: result: yes
configure:3844: checking whether make supports the include directive
configure:3859: make -f confmf.GNU && cat confinc.out
this is the am__doit target
configure:3862: $? = 0
configure:3881: result: yes (GNU style)
configure:3906: checking dependency style of gcc
configure:4017: result: gcc3
configure:4084: checking for ar
configure:4100: found /usr/bin/ar
configure:4111: result: ar
configure:4137: checking the archiver (ar) interface
configure:4153: gcc -c -O0 -ggdb3 -O0 -ggdb3 conftest.c >&5
configure:4153: $? = 0
configure:4155: ar cru libconftest.a conftest.o >&5
ar: `u' modifier ignored since `D' is the default (see `U')
configure:4158: $? = 0
configure:4186: result: ar
configure:4235: checking build system type
configure:4249: result: x86_64-pc-linux-gnu
configure:4269: checking host system type
configure:4282: result: x86_64-pc-linux-gnu
configure:4323: checking how to print strings
configure:4350: result: printf
configure:4371: checking for a sed that does not truncate output
configure:4435: result: /usr/bin/sed
configure:4453: checking for grep that handles long lines and -e
configure:4511: result: /usr/bin/grep
configure:4516: checking for egrep
configure:4578: result: /usr/bin/grep -E
configure:4583: checking for fgrep
configure:4645: result: /usr/bin/grep -F
configure:4680: checking for ld used by gcc
configure:4747: result: /usr/bin/ld
configure:4754: checking if the linker (/usr/bin/ld) is GNU ld
configure:4769: result: yes
configure:4781: checking for BSD- or MS-compatible name lister (nm)
configure:4835: result: /usr/bin/nm -B
configure:4965: checking the name lister (/usr/bin/nm -B) interface
configure:4972: gcc -c -O0 -ggdb3 -O0 -ggdb3 conftest.c >&5
configure:4975: /usr/bin/nm -B "conftest.o"
configure:4978: output
0000000000000000 B some_variable
0000000000000000 n wm4.0.f11d842bcdcd25cd44023ff76b22ec37
0000000000000000 n wm4.stdcpredef.h.19.8dc41bed5d9037ff9622e015fb5f0ce3
configure:4985: result: BSD nm
configure:4988: checking whether ln -s works
configure:4992: result: yes
configure:5000: checking the maximum length of command line arguments
configure:5131: result: 1572864
configure:5179: checking how to convert x86_64-pc-linux-gnu file names to x86_64-pc-linux-gnu format
configure:5219: result: func_convert_file_noop
configure:5226: checking how to convert x86_64-pc-linux-gnu file names to toolchain format
configure:5246: result: func_convert_file_noop
configure:5253: checking for /usr/bin/ld option to reload object files
configure:5260: result: -r
configure:5334: checking for objdump
configure:5350: found /usr/bin/objdump
configure:5361: result: objdump
configure:5393: checking how to recognize dependent libraries
configure:5593: result: pass_all
configure:5678: checking for dlltool
configure:5708: result: no
configure:5738: checking how to associate runtime and link libraries
configure:5765: result: printf %s\n
configure:5889: checking for archiver @FILE support
configure:5906: gcc -c -O0 -ggdb3 -O0 -ggdb3 conftest.c >&5
configure:5906: $? = 0
configure:5909: ar cru libconftest.a @conftest.lst >&5
ar: `u' modifier ignored since `D' is the default (see `U')
configure:5912: $? = 0
configure:5917: ar cru libconftest.a @conftest.lst >&5
ar: `u' modifier ignored since `D' is the default (see `U')
ar: conftest.o: No such file or directory
configure:5920: $? = 1
configure:5932: result: @
configure:5990: checking for strip
configure:6006: found /usr/bin/strip
configure:6017: result: strip
configure:6089: checking for ranlib
configure:6105: found /usr/bin/ranlib
configure:6116: result: ranlib
configure:6218: checking command to parse /usr/bin/nm -B output from gcc object
configure:6371: gcc -c -O0 -ggdb3 -O0 -ggdb3 conftest.c >&5
configure:6374: $? = 0
configure:6378: /usr/bin/nm -B conftest.o \| sed -n -e 's/^.*[ ]\([ABCDGIRSTW][ABCDGIRSTW]*\)[ ][ ]*\([_A-Za-z][_A-Za-z0-9]*\)$/\1 \2 \2/p' | sed '/ __gnu_lto/d' \> conftest.nm
configure:6381: $? = 0
configure:6447: gcc -o conftest -O0 -ggdb3 -O0 -ggdb3  conftest.c conftstm.o >&5
configure:6450: $? = 0
configure:6488: result: ok
configure:6535: checking for sysroot
configure:6565: result: no
configure:6572: checking for a working dd
configure:6610: result: /usr/bin/dd
configure:6614: checking how to truncate binary pipes
configure:6629: result: /usr/bin/dd bs=4096 count=1
configure:6765: gcc -c -O0 -ggdb3 -O0 -ggdb3 conftest.c >&5
configure:6768: $? = 0
configure:6958: checking for mt
configure:6974: found /usr/bin/mt
configure:6985: result: mt
configure:7008: checking if mt is a manifest tool
configure:7014: mt '-?'
configure:7022: result: no
configure:7699: checking how to run the C preprocessor
configure:7730: gcc -E -O0 -ggdb3 conftest.c
configure:7730: $? = 0
configure:7744: gcc -E -O0 -ggdb3 conftest.c
conftest.c:11:10: fatal error: ac_nonexistent.h: No such file or directory
   11 | #include <ac_nonexistent.h>
      |          ^~~~~~~~~~~~~~~~~~
compilation terminated.
configure:7744: $? = 1
configure: failed program was:
| /* confdefs.h */
| #define PACKAGE_NAME "ion"
| #define PACKAGE_TARNAME "ion"
| #define PACKAGE_VERSION "open source 3.7.4/4.1.0"
| #define PACKAGE_STRING "ion open source 3.7.4/4.1.0"
| #define PACKAGE_BUGREPORT "ion-dtn-support@lists.sourceforge.net"
| #define PACKAGE_URL ""
| #define PACKAGE "ion"
| #define VERSION "open source 3.7.4/4.1.0"
| /* end confdefs.h.  */
| #include <ac_nonexistent.h>
configure:7769: result: gcc -E
configure:7789: gcc -E -O0 -ggdb3 conftest.c
configure:7789: $? = 0
configure:7803: gcc -E -O0 -ggdb3 conftest.c
conftest.c:11:10: fatal error: ac_nonexistent.h: No such file or directory
   11 | #include <ac_nonexistent.h>
      |          ^~~~~~~~~~~~~~~~~~
compilation terminated.
configure:7803: $? = 1
configure: failed program was:
| /* confdefs.h */
| #define PACKAGE_NAME "ion"
| #define PACKAGE_TARNAME "ion"
| #define PACKAGE_VERSION "open source 3.7.4/4.1.0"
| #define PACKAGE_STRING "ion open source 3.7.4/4.1.0"
| #define PACKAGE_BUGREPORT "ion-dtn-support@lists.sourceforge.net"
| #define PACKAGE_URL ""
| #define PACKAGE "ion"
| #define VERSION "open source 3.7.4/4.1.0"
| /* end confdefs.h.  */
| #include <ac_nonexistent.h>
configure:7832: checking for ANSI C header files
configure:7852: gcc -c -O0 -ggdb3 -O0 -ggdb3 conftest.c >&5
configure:7852: $? = 0
configure:7925: gcc -o conftest -O0 -ggdb3 -O0 -ggdb3  conftest.c  >&5
configure:7925: $? = 0
configure:7925: ./conftest
configure:7925: $? = 0
configure:7936: result: yes
configure:7949: checking for sys/types.h
configure:7949: gcc -c -O0 -ggdb3 -O0 -ggdb3 conftest.c >&5
configure:7949: $? = 0
configure:7949: result: yes
configure:7949: checking for sys/stat.h
configure:7949: gcc -c -O0 -ggdb3 -O0 -ggdb3 conftest.c >&5
configure:7949: $? = 0
configure:7949: result: yes
configure:7949: checking for stdlib.h
configure:7949: gcc -c -O0 -ggdb3 -O0 -ggdb3 conftest.c >&5
configure:7949: $? = 0
configure:7949: result: yes
configure:7949: checking for string.h
configure:7949: gcc -c -O0 -ggdb3 -O0 -ggdb3 conftest.c >&5
configure:7949: $? = 0
configure:7949: result: yes
configure:7949: checking for memory.h
configure:7949: gcc -c -O0 -ggdb3 -O0 -ggdb3 conftest.c >&5
configure:7949: $? = 0
configure:7949: result: yes
configure:7949: checking for strings.h
configure:7949: gcc -c -O0 -ggdb3 -O0 -ggdb3 conftest.c >&5
configure:7949: $? = 0
configure:7949: result: yes
configure:7949: checking for inttypes.h
configure:7949: gcc -c -O0 -ggdb3 -O0 -ggdb3 conftest.c >&5
configure:7949: $? = 0
configure:7949: result: yes
configure:7949: checking for stdint.h
configure:7949: gcc -c -O0 -ggdb3 -O0 -ggdb3 conftest.c >&5
configure:7949: $? = 0
configure:7949: result: yes
configure:7949: checking for unistd.h
configure:7949: gcc -c -O0 -ggdb3 -O0 -ggdb3 conftest.c >&5
configure:7949: $? = 0
configure:7949: result: yes
configure:7963: checking for dlfcn.h
configure:7963: gcc -c -O0 -ggdb3 -O0 -ggdb3 conftest.c >&5
configure:7963: $? = 0
configure:7963: result: yes
configure:8219: checking for objdir
configure:8234: result: .libs
configure:8498: checking if gcc supports -fno-rtti -fno-exceptions
configure:8516: gcc -c -O0 -ggdb3 -O0 -ggdb3 -fno-rtti -fno-exceptions conftest.c >&5
cc1: warning: command-line option '-fno-rtti' is valid for C++/D/ObjC++ but not for C
configure:8520: $? = 0
configure:8533: result: no
configure:8891: checking for gcc option to produce PIC
configure:8898: result: -fPIC -DPIC
configure:8906: checking if gcc PIC flag -fPIC -DPIC works
configure:8924: gcc -c -O0 -ggdb3 -O0 -ggdb3 -fPIC -DPIC -DPIC conftest.c >&5
configure:8928: $? = 0
configure:8941: result: yes
configure:8970: checking if gcc static flag -static works
configure:8998: result: yes
configure:9013: checking if gcc supports -c -o file.o
configure:9034: gcc -c -O0 -ggdb3 -O0 -ggdb3 -o out/conftest2.o conftest.c >&5
configure:9038: $? = 0
configure:9060: result: yes
configure:9068: checking if gcc supports -c -o file.o
configure:9115: result: yes
configure:9148: checking whether the gcc linker (/usr/bin/ld -m elf_x86_64) supports shared libraries
configure:10411: result: yes
configure:10448: checking whether -lc should be explicitly linked in
configure:10456: gcc -c -O0 -ggdb3 -O0 -ggdb3 conftest.c >&5
configure:10459: $? = 0
configure:10474: gcc -shared  -fPIC -DPIC conftest.o  -v -Wl,-soname -Wl,conftest -o conftest 2\>\&1 \| /usr/bin/grep  -lc  \>/dev/null 2\>\&1
configure:10477: $? = 0
configure:10491: result: no
configure:10651: checking dynamic linker characteristics
configure:11232: gcc -o conftest -O0 -ggdb3 -O0 -ggdb3  -Wl,-rpath -Wl,/foo conftest.c  >&5
configure:11232: $? = 0
configure:11481: result: GNU/Linux ld.so
configure:11603: checking how to hardcode library paths into programs
configure:11628: result: immediate
configure:12176: checking whether stripping libraries is possible
configure:12181: result: yes
configure:12216: checking if libtool supports shared libraries
configure:12218: result: yes
configure:12221: checking whether to build shared libraries
configure:12246: result: yes
configure:12249: checking whether to build static libraries
configure:12253: result: yes
configure:12291: checking whether make sets $(MAKE)
configure:12313: result: yes
configure:12328: checking for pow
configure:12328: gcc -o conftest -O0 -ggdb3 -O0 -ggdb3  conftest.c  >&5
conftest.c:46:6: warning: conflicting types for built-in function 'pow'; expected 'double(double,  double)' [-Wbuiltin-declaration-mismatch]
   46 | char pow ();
      |      ^~~
conftest.c:34:1: note: 'pow' is declared in header '<math.h>'
   33 | # include <limits.h>
   34 | #else
/usr/bin/ld: /tmp/cc5HoXoc.o: in function `main':
/home/w1nz4c4r/Desktop/DTN/ion-open-source-4.1.0/conftest.c:57: undefined reference to `pow'
collect2: error: ld returned 1 exit status
configure:12328: $? = 1
configure: failed program was:
| /* confdefs.h */
| #define PACKAGE_NAME "ion"
| #define PACKAGE_TARNAME "ion"
| #define PACKAGE_VERSION "open source 3.7.4/4.1.0"
| #define PACKAGE_STRING "ion open source 3.7.4/4.1.0"
| #define PACKAGE_BUGREPORT "ion-dtn-support@lists.sourceforge.net"
| #define PACKAGE_URL ""
| #define PACKAGE "ion"
| #define VERSION "open source 3.7.4/4.1.0"
| #define STDC_HEADERS 1
| #define HAVE_SYS_TYPES_H 1
| #define HAVE_SYS_STAT_H 1
| #define HAVE_STDLIB_H 1
| #define HAVE_STRING_H 1
| #define HAVE_MEMORY_H 1
| #define HAVE_STRINGS_H 1
| #define HAVE_INTTYPES_H 1
| #define HAVE_STDINT_H 1
| #define HAVE_UNISTD_H 1
| #define HAVE_DLFCN_H 1
| #define LT_OBJDIR ".libs/"
| /* end confdefs.h.  */
| /* Define pow to an innocuous variant, in case <limits.h> declares pow.
|    For example, HP-UX 11i <limits.h> declares gettimeofday.  */
| #define pow innocuous_pow
| 
| /* System header to define __stub macros and hopefully few prototypes,
|     which can conflict with char pow (); below.
|     Prefer <limits.h> to <assert.h> if __STDC__ is defined, since
|     <limits.h> exists even on freestanding compilers.  */
| 
| #ifdef __STDC__
| # include <limits.h>
| #else
| # include <assert.h>
| #endif
| 
| #undef pow
| 
| /* Override any GCC internal prototype to avoid an error.
|    Use char because int might match the return type of a GCC
|    builtin and then its argument prototype would still apply.  */
| #ifdef __cplusplus
| extern "C"
| #endif
| char pow ();
| /* The GNU C library defines this for functions which it implements
|     to always fail with ENOSYS.  Some functions are actually named
|     something starting with __ and the normal name is an alias.  */
| #if defined __stub_pow || defined __stub___pow
| choke me
| #endif
| 
| int
| main ()
| {
| return pow ();
|   ;
|   return 0;
| }
configure:12328: result: no
configure:12381: checking for DCCP support
configure:12467: gcc -o conftest -O0 -ggdb3 -O0 -ggdb3  conftest.c  >&5
configure:12467: $? = 0
configure:12467: ./conftest
configure:12467: $? = 1
configure: program exited with status 1
configure: failed program was:
| /* confdefs.h */
| #define PACKAGE_NAME "ion"
| #define PACKAGE_TARNAME "ion"
| #define PACKAGE_VERSION "open source 3.7.4/4.1.0"
| #define PACKAGE_STRING "ion open source 3.7.4/4.1.0"
| #define PACKAGE_BUGREPORT "ion-dtn-support@lists.sourceforge.net"
| #define PACKAGE_URL ""
| #define PACKAGE "ion"
| #define VERSION "open source 3.7.4/4.1.0"
| #define STDC_HEADERS 1
| #define HAVE_SYS_TYPES_H 1
| #define HAVE_SYS_STAT_H 1
| #define HAVE_STDLIB_H 1
| #define HAVE_STRING_H 1
| #define HAVE_MEMORY_H 1
| #define HAVE_STRINGS_H 1
| #define HAVE_INTTYPES_H 1
| #define HAVE_STDINT_H 1
| #define HAVE_UNISTD_H 1
| #define HAVE_DLFCN_H 1
| #define LT_OBJDIR ".libs/"
| #define linux 1
| /* end confdefs.h.  */
| #define MIN_REQUIRED_VERSION_MAJOR 3
| 					#define MIN_REQUIRED_VERSION_MINOR 2
| 					#define MIN_REQUIRED_VERSION_REV   0
| 
| 					#include <sys/utsname.h>
| 					#include <sys/socket.h>
| 					#include <string.h>
| 					#include <stdlib.h>
| 					//#include <stdio.h>
| 					#ifndef SOCK_DCCP
| 					#define SOCK_DCCP 6
| 					#endif
| 					#ifndef IPPROTO_DCCP
| 					#define IPPROTO_DCCP 33
| 					#endif
| 
| 					int main()
| 					{
| 						int major=0, minor=0, rev=0;
| 						struct utsname buf;
| 						char* tmp;
| 						if(uname(&buf)<0){
| 							return 1;
| 						}
| 
| 						//printf("%s\n",buf.release);
| 						tmp=strtok(buf.release,".");
| 						if(tmp!=NULL){major=atoi(tmp);}
| 						tmp=strtok(NULL,".-");
| 						if(tmp!=NULL){minor=atoi(tmp);}
| 						tmp=strtok(NULL,".-");
| 						if(tmp!=NULL){rev=atoi(tmp);}
| 						//printf("%i.%i.%i\n", major, minor, rev);
| 
| 						if (major >  MIN_REQUIRED_VERSION_MAJOR)
| 						{
| 							/*Good Version*/
| 						}
| 						else
| 						{
| 							if (major == MIN_REQUIRED_VERSION_MAJOR &&
| 								minor > MIN_REQUIRED_VERSION_MINOR)
| 							{
| 								/*Good Version*/
| 							}
| 							else
| 							{
| 								if (major == MIN_REQUIRED_VERSION_MAJOR &&
| 									minor == MIN_REQUIRED_VERSION_MINOR &&
| 									rev > MIN_REQUIRED_VERSION_REV)
| 								{
| 									/*Good Version*/
| 								}
| 								else
| 								{
| 									if (major == MIN_REQUIRED_VERSION_MAJOR &&
| 										minor == MIN_REQUIRED_VERSION_MINOR &&
| 										rev == MIN_REQUIRED_VERSION_REV)
| 									{
| 										/*Good Version*/
| 									}
| 									else
| 									{
| 										/*Invalid Version*/
| 										return 1;
| 									}
| 								}
| 							}
| 
| 						}
| 
| 						/*Confirm that DCCP module exists and can be loaded*/
| 						if(socket(AF_INET, SOCK_DCCP, IPPROTO_DCCP)<0){
| 							return 1;
| 						}
| 					return 0;
| 					}
configure:12474: result: no
configure:12915: checking valgrind/valgrind.h usability
configure:12915: gcc -c -O0 -ggdb3 -DNOEXPAT -O0 -ggdb3 conftest.c >&5
conftest.c:58:10: fatal error: valgrind/valgrind.h: No such file or directory
   58 | #include <valgrind/valgrind.h>
      |          ^~~~~~~~~~~~~~~~~~~~~
compilation terminated.
configure:12915: $? = 1
configure: failed program was:
| /* confdefs.h */
| #define PACKAGE_NAME "ion"
| #define PACKAGE_TARNAME "ion"
| #define PACKAGE_VERSION "open source 3.7.4/4.1.0"
| #define PACKAGE_STRING "ion open source 3.7.4/4.1.0"
| #define PACKAGE_BUGREPORT "ion-dtn-support@lists.sourceforge.net"
| #define PACKAGE_URL ""
| #define PACKAGE "ion"
| #define VERSION "open source 3.7.4/4.1.0"
| #define STDC_HEADERS 1
| #define HAVE_SYS_TYPES_H 1
| #define HAVE_SYS_STAT_H 1
| #define HAVE_STDLIB_H 1
| #define HAVE_STRING_H 1
| #define HAVE_MEMORY_H 1
| #define HAVE_STRINGS_H 1
| #define HAVE_INTTYPES_H 1
| #define HAVE_STDINT_H 1
| #define HAVE_UNISTD_H 1
| #define HAVE_DLFCN_H 1
| #define LT_OBJDIR ".libs/"
| #define linux 1
| #define UNIBO_CGR 0
| /* end confdefs.h.  */
| #include <stdio.h>
| #ifdef HAVE_SYS_TYPES_H
| # include <sys/types.h>
| #endif
| #ifdef HAVE_SYS_STAT_H
| # include <sys/stat.h>
| #endif
| #ifdef STDC_HEADERS
| # include <stdlib.h>
| # include <stddef.h>
| #else
| # ifdef HAVE_STDLIB_H
| #  include <stdlib.h>
| # endif
| #endif
| #ifdef HAVE_STRING_H
| # if !defined STDC_HEADERS && defined HAVE_MEMORY_H
| #  include <memory.h>
| # endif
| # include <string.h>
| #endif
| #ifdef HAVE_STRINGS_H
| # include <strings.h>
| #endif
| #ifdef HAVE_INTTYPES_H
| # include <inttypes.h>
| #endif
| #ifdef HAVE_STDINT_H
| # include <stdint.h>
| #endif
| #ifdef HAVE_UNISTD_H
| # include <unistd.h>
| #endif
| #include <valgrind/valgrind.h>
configure:12915: result: no
configure:12915: checking valgrind/valgrind.h presence
configure:12915: gcc -E -O0 -ggdb3 conftest.c
conftest.c:25:10: fatal error: valgrind/valgrind.h: No such file or directory
   25 | #include <valgrind/valgrind.h>
      |          ^~~~~~~~~~~~~~~~~~~~~
compilation terminated.
configure:12915: $? = 1
configure: failed program was:
| /* confdefs.h */
| #define PACKAGE_NAME "ion"
| #define PACKAGE_TARNAME "ion"
| #define PACKAGE_VERSION "open source 3.7.4/4.1.0"
| #define PACKAGE_STRING "ion open source 3.7.4/4.1.0"
| #define PACKAGE_BUGREPORT "ion-dtn-support@lists.sourceforge.net"
| #define PACKAGE_URL ""
| #define PACKAGE "ion"
| #define VERSION "open source 3.7.4/4.1.0"
| #define STDC_HEADERS 1
| #define HAVE_SYS_TYPES_H 1
| #define HAVE_SYS_STAT_H 1
| #define HAVE_STDLIB_H 1
| #define HAVE_STRING_H 1
| #define HAVE_MEMORY_H 1
| #define HAVE_STRINGS_H 1
| #define HAVE_INTTYPES_H 1
| #define HAVE_STDINT_H 1
| #define HAVE_UNISTD_H 1
| #define HAVE_DLFCN_H 1
| #define LT_OBJDIR ".libs/"
| #define linux 1
| #define UNIBO_CGR 0
| /* end confdefs.h.  */
| #include <valgrind/valgrind.h>
configure:12915: result: no
configure:12915: checking for valgrind/valgrind.h
configure:12915: result: no
configure:13055: checking for XML_GetCurrentLineNumber in -lexpat
configure:13080: gcc -o conftest  -Dlinux -DSPACE_ORDER=3 -fno-strict-aliasing -DVNAME=ION-OPEN-SOURCE-4.1.0 -DBUILD_BPv7 -DENABLE_IMC -DENABLE_MANPAGES -O0 -ggdb3 -DNOEXPAT -O0 -ggdb3  conftest.c -lexpat   >&5
configure:13080: $? = 0
configure:13089: result: yes
configure:13105: checking for pthread_create in -lpthread
configure:13130: gcc -o conftest  -Dlinux -DSPACE_ORDER=3 -fno-strict-aliasing -DVNAME=ION-OPEN-SOURCE-4.1.0 -DBUILD_BPv7 -DENABLE_IMC -DENABLE_MANPAGES -O0 -ggdb3 -DNOEXPAT -O0 -ggdb3  conftest.c -lpthread   >&5
configure:13130: $? = 0
configure:13139: result: yes
configure:13150: checking for mysql_real_connect in -lmysqlclient
configure:13175: gcc -o conftest -O0 -ggdb3 -DNOEXPAT -O0 -ggdb3  conftest.c -lmysqlclient   >&5
/usr/bin/ld: cannot find -lmysqlclient: No such file or directory
collect2: error: ld returned 1 exit status
configure:13175: $? = 1
configure: failed program was:
| /* confdefs.h */
| #define PACKAGE_NAME "ion"
| #define PACKAGE_TARNAME "ion"
| #define PACKAGE_VERSION "open source 3.7.4/4.1.0"
| #define PACKAGE_STRING "ion open source 3.7.4/4.1.0"
| #define PACKAGE_BUGREPORT "ion-dtn-support@lists.sourceforge.net"
| #define PACKAGE_URL ""
| #define PACKAGE "ion"
| #define VERSION "open source 3.7.4/4.1.0"
| #define STDC_HEADERS 1
| #define HAVE_SYS_TYPES_H 1
| #define HAVE_SYS_STAT_H 1
| #define HAVE_STDLIB_H 1
| #define HAVE_STRING_H 1
| #define HAVE_MEMORY_H 1
| #define HAVE_STRINGS_H 1
| #define HAVE_INTTYPES_H 1
| #define HAVE_STDINT_H 1
| #define HAVE_UNISTD_H 1
| #define HAVE_DLFCN_H 1
| #define LT_OBJDIR ".libs/"
| #define linux 1
| #define UNIBO_CGR 0
| /* end confdefs.h.  */
| 
| /* Override any GCC internal prototype to avoid an error.
|    Use char because int might match the return type of a GCC
|    builtin and then its argument prototype would still apply.  */
| #ifdef __cplusplus
| extern "C"
| #endif
| char mysql_real_connect ();
| int
| main ()
| {
| return mysql_real_connect ();
|   ;
|   return 0;
| }
configure:13184: result: no
configure:13193: WARNING: If you wish to use MySQL for NM you will need to install the libmysqlclient.
configure:13200: checking for initscr in -lncurses
configure:13225: gcc -o conftest -O0 -ggdb3 -DNOEXPAT -O0 -ggdb3  conftest.c -lncurses   >&5
/usr/bin/ld: cannot find -lncurses: No such file or directory
collect2: error: ld returned 1 exit status
configure:13225: $? = 1
configure: failed program was:
| /* confdefs.h */
| #define PACKAGE_NAME "ion"
| #define PACKAGE_TARNAME "ion"
| #define PACKAGE_VERSION "open source 3.7.4/4.1.0"
| #define PACKAGE_STRING "ion open source 3.7.4/4.1.0"
| #define PACKAGE_BUGREPORT "ion-dtn-support@lists.sourceforge.net"
| #define PACKAGE_URL ""
| #define PACKAGE "ion"
| #define VERSION "open source 3.7.4/4.1.0"
| #define STDC_HEADERS 1
| #define HAVE_SYS_TYPES_H 1
| #define HAVE_SYS_STAT_H 1
| #define HAVE_STDLIB_H 1
| #define HAVE_STRING_H 1
| #define HAVE_MEMORY_H 1
| #define HAVE_STRINGS_H 1
| #define HAVE_INTTYPES_H 1
| #define HAVE_STDINT_H 1
| #define HAVE_UNISTD_H 1
| #define HAVE_DLFCN_H 1
| #define LT_OBJDIR ".libs/"
| #define linux 1
| #define UNIBO_CGR 0
| /* end confdefs.h.  */
| 
| /* Override any GCC internal prototype to avoid an error.
|    Use char because int might match the return type of a GCC
|    builtin and then its argument prototype would still apply.  */
| #ifdef __cplusplus
| extern "C"
| #endif
| char initscr ();
| int
| main ()
| {
| return initscr ();
|   ;
|   return 0;
| }
configure:13234: result: no
configure:13243: WARNING: If you wish to use the NCURSES TUI for NM you will need to install the NCURSES library.
configure:13255: checking for pod2man
configure:13271: found /usr/bin/pod2man
configure:13282: result: pod2man
configure:13304: checking for ps2pdf
configure:13322: found /usr/bin/ps2pdf
configure:13334: result: /usr/bin/ps2pdf
configure:13344: checking for pdf2ps
configure:13362: found /usr/bin/pdf2ps
configure:13374: result: /usr/bin/pdf2ps
configure:13384: checking for psjoin
configure:13417: result: no
configure:13424: checking for pdfjoin
configure:13457: result: no
configure:13462: checking for fallback included psjoin
configure:13466: result: /home/w1nz4c4r/Desktop/DTN/ion-open-source-4.1.0/doc/psjoin
configure:13472: checking for fallback included pdfjoin
configure:13476: result: /home/w1nz4c4r/Desktop/DTN/ion-open-source-4.1.0/doc/pdfjoin
configure:13484: checking for groff
configure:13502: found /usr/bin/groff
configure:13514: result: /usr/bin/groff
configure:13522: checking if groff suports -ms
configure:13529: result: not found
configure:13531: try installing groff and the ms plugin
configure:13539: checking for man
configure:13557: found /usr/bin/man
configure:13569: result: /usr/bin/man
configure:13577: checking if man supports -l
configure:13580: result: /usr/bin/man
configure:13592: checking for tools to build autodoc
configure:13601: result: not found (skipping autodoc)
configure:13603: Ensure the ghostscript, psutils, groff-base and groff packages are installed.
configure:13621: checking for dirent.h that defines DIR
configure:13640: gcc -c -O0 -ggdb3 -DNOEXPAT -O0 -ggdb3 conftest.c >&5
configure:13640: $? = 0
configure:13648: result: yes
configure:13661: checking for library containing opendir
configure:13692: gcc -o conftest -O0 -ggdb3 -DNOEXPAT -O0 -ggdb3  conftest.c  >&5
configure:13692: $? = 0
configure:13709: result: none required
configure:13776: checking for ANSI C header files
configure:13880: result: yes
configure:13888: checking for sys/wait.h that is POSIX.1 compatible
configure:13914: gcc -c -O0 -ggdb3 -DNOEXPAT -O0 -ggdb3 conftest.c >&5
configure:13914: $? = 0
configure:13921: result: yes
configure:13932: checking fcntl.h usability
configure:13932: gcc -c -O0 -ggdb3 -DNOEXPAT -O0 -ggdb3 conftest.c >&5
configure:13932: $? = 0
configure:13932: result: yes
configure:13932: checking fcntl.h presence
configure:13932: gcc -E -O0 -ggdb3 conftest.c
configure:13932: $? = 0
configure:13932: result: yes
configure:13932: checking for fcntl.h
configure:13932: result: yes
configure:13932: checking malloc.h usability
configure:13932: gcc -c -O0 -ggdb3 -DNOEXPAT -O0 -ggdb3 conftest.c >&5
configure:13932: $? = 0
configure:13932: result: yes
configure:13932: checking malloc.h presence
configure:13932: gcc -E -O0 -ggdb3 conftest.c
configure:13932: $? = 0
configure:13932: result: yes
configure:13932: checking for malloc.h
configure:13932: result: yes
configure:13932: checking netdb.h usability
configure:13932: gcc -c -O0 -ggdb3 -DNOEXPAT -O0 -ggdb3 conftest.c >&5
configure:13932: $? = 0
configure:13932: result: yes
configure:13932: checking netdb.h presence
configure:13932: gcc -E -O0 -ggdb3 conftest.c
configure:13932: $? = 0
configure:13932: result: yes
configure:13932: checking for netdb.h
configure:13932: result: yes
configure:13932: checking netinet/in.h usability
configure:13932: gcc -c -O0 -ggdb3 -DNOEXPAT -O0 -ggdb3 conftest.c >&5
configure:13932: $? = 0
configure:13932: result: yes
configure:13932: checking netinet/in.h presence
configure:13932: gcc -E -O0 -ggdb3 conftest.c
configure:13932: $? = 0
configure:13932: result: yes
configure:13932: checking for netinet/in.h
configure:13932: result: yes
configure:13932: checking stddef.h usability
configure:13932: gcc -c -O0 -ggdb3 -DNOEXPAT -O0 -ggdb3 conftest.c >&5
configure:13932: $? = 0
configure:13932: result: yes
configure:13932: checking stddef.h presence
configure:13932: gcc -E -O0 -ggdb3 conftest.c
configure:13932: $? = 0
configure:13932: result: yes
configure:13932: checking for stddef.h
configure:13932: result: yes
configure:13932: checking for stdlib.h
configure:13932: result: yes
configure:13932: checking for string.h
configure:13932: result: yes
configure:13932: checking sys/ioctl.h usability
configure:13932: gcc -c -O0 -ggdb3 -DNOEXPAT -O0 -ggdb3 conftest.c >&5
configure:13932: $? = 0
configure:13932: result: yes
configure:13932: checking sys/ioctl.h presence
configure:13932: gcc -E -O0 -ggdb3 conftest.c
configure:13932: $? = 0
configure:13932: result: yes
configure:13932: checking for sys/ioctl.h
configure:13932: result: yes
configure:13932: checking sys/param.h usability
configure:13932: gcc -c -O0 -ggdb3 -DNOEXPAT -O0 -ggdb3 conftest.c >&5
configure:13932: $? = 0
configure:13932: result: yes
configure:13932: checking sys/param.h presence
configure:13932: gcc -E -O0 -ggdb3 conftest.c
configure:13932: $? = 0
configure:13932: result: yes
configure:13932: checking for sys/param.h
configure:13932: result: yes
configure:13932: checking sys/socket.h usability
configure:13932: gcc -c -O0 -ggdb3 -DNOEXPAT -O0 -ggdb3 conftest.c >&5
configure:13932: $? = 0
configure:13932: result: yes
configure:13932: checking sys/socket.h presence
configure:13932: gcc -E -O0 -ggdb3 conftest.c
configure:13932: $? = 0
configure:13932: result: yes
configure:13932: checking for sys/socket.h
configure:13932: result: yes
configure:13932: checking sys/time.h usability
configure:13932: gcc -c -O0 -ggdb3 -DNOEXPAT -O0 -ggdb3 conftest.c >&5
configure:13932: $? = 0
configure:13932: result: yes
configure:13932: checking sys/time.h presence
configure:13932: gcc -E -O0 -ggdb3 conftest.c
configure:13932: $? = 0
configure:13932: result: yes
configure:13932: checking for sys/time.h
configure:13932: result: yes
configure:13932: checking for unistd.h
configure:13932: result: yes
configure:13943: checking for an ANSI C-conforming const
configure:14009: gcc -c -O0 -ggdb3 -DNOEXPAT -O0 -ggdb3 conftest.c >&5
configure:14009: $? = 0
configure:14016: result: yes
configure:14024: checking for size_t
configure:14024: gcc -c -O0 -ggdb3 -DNOEXPAT -O0 -ggdb3 conftest.c >&5
configure:14024: $? = 0
configure:14024: gcc -c -O0 -ggdb3 -DNOEXPAT -O0 -ggdb3 conftest.c >&5
conftest.c: In function 'main':
conftest.c:76:21: error: expected expression before ')' token
   76 | if (sizeof ((size_t)))
      |                     ^
configure:14024: $? = 1
configure: failed program was:
| /* confdefs.h */
| #define PACKAGE_NAME "ion"
| #define PACKAGE_TARNAME "ion"
| #define PACKAGE_VERSION "open source 3.7.4/4.1.0"
| #define PACKAGE_STRING "ion open source 3.7.4/4.1.0"
| #define PACKAGE_BUGREPORT "ion-dtn-support@lists.sourceforge.net"
| #define PACKAGE_URL ""
| #define PACKAGE "ion"
| #define VERSION "open source 3.7.4/4.1.0"
| #define STDC_HEADERS 1
| #define HAVE_SYS_TYPES_H 1
| #define HAVE_SYS_STAT_H 1
| #define HAVE_STDLIB_H 1
| #define HAVE_STRING_H 1
| #define HAVE_MEMORY_H 1
| #define HAVE_STRINGS_H 1
| #define HAVE_INTTYPES_H 1
| #define HAVE_STDINT_H 1
| #define HAVE_UNISTD_H 1
| #define HAVE_DLFCN_H 1
| #define LT_OBJDIR ".libs/"
| #define linux 1
| #define UNIBO_CGR 0
| #define HAVE_DIRENT_H 1
| #define STDC_HEADERS 1
| #define HAVE_SYS_WAIT_H 1
| #define HAVE_FCNTL_H 1
| #define HAVE_MALLOC_H 1
| #define HAVE_NETDB_H 1
| #define HAVE_NETINET_IN_H 1
| #define HAVE_STDDEF_H 1
| #define HAVE_STDLIB_H 1
| #define HAVE_STRING_H 1
| #define HAVE_SYS_IOCTL_H 1
| #define HAVE_SYS_PARAM_H 1
| #define HAVE_SYS_SOCKET_H 1
| #define HAVE_SYS_TIME_H 1
| #define HAVE_UNISTD_H 1
| /* end confdefs.h.  */
| #include <stdio.h>
| #ifdef HAVE_SYS_TYPES_H
| # include <sys/types.h>
| #endif
| #ifdef HAVE_SYS_STAT_H
| # include <sys/stat.h>
| #endif
| #ifdef STDC_HEADERS
| # include <stdlib.h>
| # include <stddef.h>
| #else
| # ifdef HAVE_STDLIB_H
| #  include <stdlib.h>
| # endif
| #endif
| #ifdef HAVE_STRING_H
| # if !defined STDC_HEADERS && defined HAVE_MEMORY_H
| #  include <memory.h>
| # endif
| # include <string.h>
| #endif
| #ifdef HAVE_STRINGS_H
| # include <strings.h>
| #endif
| #ifdef HAVE_INTTYPES_H
| # include <inttypes.h>
| #endif
| #ifdef HAVE_STDINT_H
| # include <stdint.h>
| #endif
| #ifdef HAVE_UNISTD_H
| # include <unistd.h>
| #endif
| int
| main ()
| {
| if (sizeof ((size_t)))
| 	    return 0;
|   ;
|   return 0;
| }
configure:14024: result: yes
configure:14035: checking whether time.h and sys/time.h may both be included
configure:14055: gcc -c -O0 -ggdb3 -DNOEXPAT -O0 -ggdb3 conftest.c >&5
configure:14055: $? = 0
configure:14062: result: yes
configure:14070: checking whether struct tm is in sys/time.h or time.h
configure:14090: gcc -c -O0 -ggdb3 -DNOEXPAT -O0 -ggdb3 conftest.c >&5
configure:14090: $? = 0
configure:14097: result: time.h
configure:14105: checking for uid_t in sys/types.h
configure:14124: result: yes
configure:14139: checking for pid_t
configure:14139: gcc -c -O0 -ggdb3 -DNOEXPAT -O0 -ggdb3 conftest.c >&5
configure:14139: $? = 0
configure:14139: gcc -c -O0 -ggdb3 -DNOEXPAT -O0 -ggdb3 conftest.c >&5
conftest.c: In function 'main':
conftest.c:77:20: error: expected expression before ')' token
   77 | if (sizeof ((pid_t)))
      |                    ^
configure:14139: $? = 1
configure: failed program was:
| /* confdefs.h */
| #define PACKAGE_NAME "ion"
| #define PACKAGE_TARNAME "ion"
| #define PACKAGE_VERSION "open source 3.7.4/4.1.0"
| #define PACKAGE_STRING "ion open source 3.7.4/4.1.0"
| #define PACKAGE_BUGREPORT "ion-dtn-support@lists.sourceforge.net"
| #define PACKAGE_URL ""
| #define PACKAGE "ion"
| #define VERSION "open source 3.7.4/4.1.0"
| #define STDC_HEADERS 1
| #define HAVE_SYS_TYPES_H 1
| #define HAVE_SYS_STAT_H 1
| #define HAVE_STDLIB_H 1
| #define HAVE_STRING_H 1
| #define HAVE_MEMORY_H 1
| #define HAVE_STRINGS_H 1
| #define HAVE_INTTYPES_H 1
| #define HAVE_STDINT_H 1
| #define HAVE_UNISTD_H 1
| #define HAVE_DLFCN_H 1
| #define LT_OBJDIR ".libs/"
| #define linux 1
| #define UNIBO_CGR 0
| #define HAVE_DIRENT_H 1
| #define STDC_HEADERS 1
| #define HAVE_SYS_WAIT_H 1
| #define HAVE_FCNTL_H 1
| #define HAVE_MALLOC_H 1
| #define HAVE_NETDB_H 1
| #define HAVE_NETINET_IN_H 1
| #define HAVE_STDDEF_H 1
| #define HAVE_STDLIB_H 1
| #define HAVE_STRING_H 1
| #define HAVE_SYS_IOCTL_H 1
| #define HAVE_SYS_PARAM_H 1
| #define HAVE_SYS_SOCKET_H 1
| #define HAVE_SYS_TIME_H 1
| #define HAVE_UNISTD_H 1
| #define TIME_WITH_SYS_TIME 1
| /* end confdefs.h.  */
| #include <stdio.h>
| #ifdef HAVE_SYS_TYPES_H
| # include <sys/types.h>
| #endif
| #ifdef HAVE_SYS_STAT_H
| # include <sys/stat.h>
| #endif
| #ifdef STDC_HEADERS
| # include <stdlib.h>
| # include <stddef.h>
| #else
| # ifdef HAVE_STDLIB_H
| #  include <stdlib.h>
| # endif
| #endif
| #ifdef HAVE_STRING_H
| # if !defined STDC_HEADERS && defined HAVE_MEMORY_H
| #  include <memory.h>
| # endif
| # include <string.h>
| #endif
| #ifdef HAVE_STRINGS_H
| # include <strings.h>
| #endif
| #ifdef HAVE_INTTYPES_H
| # include <inttypes.h>
| #endif
| #ifdef HAVE_STDINT_H
| # include <stdint.h>
| #endif
| #ifdef HAVE_UNISTD_H
| # include <unistd.h>
| #endif
| int
| main ()
| {
| if (sizeof ((pid_t)))
| 	    return 0;
|   ;
|   return 0;
| }
configure:14139: result: yes
configure:14152: checking vfork.h usability
configure:14152: gcc -c -O0 -ggdb3 -DNOEXPAT -O0 -ggdb3 conftest.c >&5
conftest.c:74:10: fatal error: vfork.h: No such file or directory
   74 | #include <vfork.h>
      |          ^~~~~~~~~
compilation terminated.
configure:14152: $? = 1
configure: failed program was:
| /* confdefs.h */
| #define PACKAGE_NAME "ion"
| #define PACKAGE_TARNAME "ion"
| #define PACKAGE_VERSION "open source 3.7.4/4.1.0"
| #define PACKAGE_STRING "ion open source 3.7.4/4.1.0"
| #define PACKAGE_BUGREPORT "ion-dtn-support@lists.sourceforge.net"
| #define PACKAGE_URL ""
| #define PACKAGE "ion"
| #define VERSION "open source 3.7.4/4.1.0"
| #define STDC_HEADERS 1
| #define HAVE_SYS_TYPES_H 1
| #define HAVE_SYS_STAT_H 1
| #define HAVE_STDLIB_H 1
| #define HAVE_STRING_H 1
| #define HAVE_MEMORY_H 1
| #define HAVE_STRINGS_H 1
| #define HAVE_INTTYPES_H 1
| #define HAVE_STDINT_H 1
| #define HAVE_UNISTD_H 1
| #define HAVE_DLFCN_H 1
| #define LT_OBJDIR ".libs/"
| #define linux 1
| #define UNIBO_CGR 0
| #define HAVE_DIRENT_H 1
| #define STDC_HEADERS 1
| #define HAVE_SYS_WAIT_H 1
| #define HAVE_FCNTL_H 1
| #define HAVE_MALLOC_H 1
| #define HAVE_NETDB_H 1
| #define HAVE_NETINET_IN_H 1
| #define HAVE_STDDEF_H 1
| #define HAVE_STDLIB_H 1
| #define HAVE_STRING_H 1
| #define HAVE_SYS_IOCTL_H 1
| #define HAVE_SYS_PARAM_H 1
| #define HAVE_SYS_SOCKET_H 1
| #define HAVE_SYS_TIME_H 1
| #define HAVE_UNISTD_H 1
| #define TIME_WITH_SYS_TIME 1
| /* end confdefs.h.  */
| #include <stdio.h>
| #ifdef HAVE_SYS_TYPES_H
| # include <sys/types.h>
| #endif
| #ifdef HAVE_SYS_STAT_H
| # include <sys/stat.h>
| #endif
| #ifdef STDC_HEADERS
| # include <stdlib.h>
| # include <stddef.h>
| #else
| # ifdef HAVE_STDLIB_H
| #  include <stdlib.h>
| # endif
| #endif
| #ifdef HAVE_STRING_H
| # if !defined STDC_HEADERS && defined HAVE_MEMORY_H
| #  include <memory.h>
| # endif
| # include <string.h>
| #endif
| #ifdef HAVE_STRINGS_H
| # include <strings.h>
| #endif
| #ifdef HAVE_INTTYPES_H
| # include <inttypes.h>
| #endif
| #ifdef HAVE_STDINT_H
| # include <stdint.h>
| #endif
| #ifdef HAVE_UNISTD_H
| # include <unistd.h>
| #endif
| #include <vfork.h>
configure:14152: result: no
configure:14152: checking vfork.h presence
configure:14152: gcc -E -O0 -ggdb3 conftest.c
conftest.c:41:10: fatal error: vfork.h: No such file or directory
   41 | #include <vfork.h>
      |          ^~~~~~~~~
compilation terminated.
configure:14152: $? = 1
configure: failed program was:
| /* confdefs.h */
| #define PACKAGE_NAME "ion"
| #define PACKAGE_TARNAME "ion"
| #define PACKAGE_VERSION "open source 3.7.4/4.1.0"
| #define PACKAGE_STRING "ion open source 3.7.4/4.1.0"
| #define PACKAGE_BUGREPORT "ion-dtn-support@lists.sourceforge.net"
| #define PACKAGE_URL ""
| #define PACKAGE "ion"
| #define VERSION "open source 3.7.4/4.1.0"
| #define STDC_HEADERS 1
| #define HAVE_SYS_TYPES_H 1
| #define HAVE_SYS_STAT_H 1
| #define HAVE_STDLIB_H 1
| #define HAVE_STRING_H 1
| #define HAVE_MEMORY_H 1
| #define HAVE_STRINGS_H 1
| #define HAVE_INTTYPES_H 1
| #define HAVE_STDINT_H 1
| #define HAVE_UNISTD_H 1
| #define HAVE_DLFCN_H 1
| #define LT_OBJDIR ".libs/"
| #define linux 1
| #define UNIBO_CGR 0
| #define HAVE_DIRENT_H 1
| #define STDC_HEADERS 1
| #define HAVE_SYS_WAIT_H 1
| #define HAVE_FCNTL_H 1
| #define HAVE_MALLOC_H 1
| #define HAVE_NETDB_H 1
| #define HAVE_NETINET_IN_H 1
| #define HAVE_STDDEF_H 1
| #define HAVE_STDLIB_H 1
| #define HAVE_STRING_H 1
| #define HAVE_SYS_IOCTL_H 1
| #define HAVE_SYS_PARAM_H 1
| #define HAVE_SYS_SOCKET_H 1
| #define HAVE_SYS_TIME_H 1
| #define HAVE_UNISTD_H 1
| #define TIME_WITH_SYS_TIME 1
| /* end confdefs.h.  */
| #include <vfork.h>
configure:14152: result: no
configure:14152: checking for vfork.h
configure:14152: result: no
configure:14165: checking for fork
configure:14165: gcc -o conftest -O0 -ggdb3 -DNOEXPAT -O0 -ggdb3  conftest.c  >&5
conftest.c:64:6: warning: conflicting types for built-in function 'fork'; expected 'int(void)' [-Wbuiltin-declaration-mismatch]
   64 | char fork ();
      |      ^~~~
configure:14165: $? = 0
configure:14165: result: yes
configure:14165: checking for vfork
configure:14165: gcc -o conftest -O0 -ggdb3 -DNOEXPAT -O0 -ggdb3  conftest.c  >&5
configure:14165: $? = 0
configure:14165: result: yes
configure:14175: checking for working fork
configure:14197: gcc -o conftest -O0 -ggdb3 -DNOEXPAT -O0 -ggdb3  conftest.c  >&5
configure:14197: $? = 0
configure:14197: ./conftest
configure:14197: $? = 0
configure:14207: result: yes
configure:14228: checking for working vfork
configure:14338: result: yes
configure:14364: checking whether gcc needs -traditional
configure:14398: result: no
configure:14409: checking return type of signal handlers
configure:14427: gcc -c -O0 -ggdb3 -DNOEXPAT -O0 -ggdb3 conftest.c >&5
conftest.c: In function 'main':
conftest.c:51:10: error: void value not ignored as it ought to be
   51 | return *(signal (0, 0)) (0) == 1;
      |         ~^~~~~~~~~~~~~~~~~~
configure:14427: $? = 1
configure: failed program was:
| /* confdefs.h */
| #define PACKAGE_NAME "ion"
| #define PACKAGE_TARNAME "ion"
| #define PACKAGE_VERSION "open source 3.7.4/4.1.0"
| #define PACKAGE_STRING "ion open source 3.7.4/4.1.0"
| #define PACKAGE_BUGREPORT "ion-dtn-support@lists.sourceforge.net"
| #define PACKAGE_URL ""
| #define PACKAGE "ion"
| #define VERSION "open source 3.7.4/4.1.0"
| #define STDC_HEADERS 1
| #define HAVE_SYS_TYPES_H 1
| #define HAVE_SYS_STAT_H 1
| #define HAVE_STDLIB_H 1
| #define HAVE_STRING_H 1
| #define HAVE_MEMORY_H 1
| #define HAVE_STRINGS_H 1
| #define HAVE_INTTYPES_H 1
| #define HAVE_STDINT_H 1
| #define HAVE_UNISTD_H 1
| #define HAVE_DLFCN_H 1
| #define LT_OBJDIR ".libs/"
| #define linux 1
| #define UNIBO_CGR 0
| #define HAVE_DIRENT_H 1
| #define STDC_HEADERS 1
| #define HAVE_SYS_WAIT_H 1
| #define HAVE_FCNTL_H 1
| #define HAVE_MALLOC_H 1
| #define HAVE_NETDB_H 1
| #define HAVE_NETINET_IN_H 1
| #define HAVE_STDDEF_H 1
| #define HAVE_STDLIB_H 1
| #define HAVE_STRING_H 1
| #define HAVE_SYS_IOCTL_H 1
| #define HAVE_SYS_PARAM_H 1
| #define HAVE_SYS_SOCKET_H 1
| #define HAVE_SYS_TIME_H 1
| #define HAVE_UNISTD_H 1
| #define TIME_WITH_SYS_TIME 1
| #define HAVE_FORK 1
| #define HAVE_VFORK 1
| #define HAVE_WORKING_VFORK 1
| #define HAVE_WORKING_FORK 1
| /* end confdefs.h.  */
| #include <sys/types.h>
| #include <signal.h>
| 
| int
| main ()
| {
| return *(signal (0, 0)) (0) == 1;
|   ;
|   return 0;
| }
configure:14434: result: void
configure:14447: checking for alarm
configure:14447: gcc -o conftest -O0 -ggdb3 -DNOEXPAT -O0 -ggdb3  conftest.c  >&5
configure:14447: $? = 0
configure:14447: result: yes
configure:14447: checking for ftruncate
configure:14447: gcc -o conftest -O0 -ggdb3 -DNOEXPAT -O0 -ggdb3  conftest.c  >&5
configure:14447: $? = 0
configure:14447: result: yes
configure:14447: checking for getcwd
configure:14447: gcc -o conftest -O0 -ggdb3 -DNOEXPAT -O0 -ggdb3  conftest.c  >&5
configure:14447: $? = 0
configure:14447: result: yes
configure:14447: checking for gethostbyaddr
configure:14447: gcc -o conftest -O0 -ggdb3 -DNOEXPAT -O0 -ggdb3  conftest.c  >&5
configure:14447: $? = 0
configure:14447: result: yes
configure:14447: checking for gethostbyname
configure:14447: gcc -o conftest -O0 -ggdb3 -DNOEXPAT -O0 -ggdb3  conftest.c  >&5
configure:14447: $? = 0
configure:14447: result: yes
configure:14447: checking for gethostname
configure:14447: gcc -o conftest -O0 -ggdb3 -DNOEXPAT -O0 -ggdb3  conftest.c  >&5
configure:14447: $? = 0
configure:14447: result: yes
configure:14447: checking for gettimeofday
configure:14447: gcc -o conftest -O0 -ggdb3 -DNOEXPAT -O0 -ggdb3  conftest.c  >&5
configure:14447: $? = 0
configure:14447: result: yes
configure:14447: checking for memset
configure:14447: gcc -o conftest -O0 -ggdb3 -DNOEXPAT -O0 -ggdb3  conftest.c  >&5
conftest.c:76:6: warning: conflicting types for built-in function 'memset'; expected 'void *(void *, int,  long unsigned int)' [-Wbuiltin-declaration-mismatch]
   76 | char memset ();
      |      ^~~~~~
conftest.c:64:1: note: 'memset' is declared in header '<string.h>'
   63 | # include <limits.h>
   64 | #else
configure:14447: $? = 0
configure:14447: result: yes
configure:14447: checking for mkdir
configure:14447: gcc -o conftest -O0 -ggdb3 -DNOEXPAT -O0 -ggdb3  conftest.c  >&5
configure:14447: $? = 0
configure:14447: result: yes
configure:14447: checking for mkfifo
configure:14447: gcc -o conftest -O0 -ggdb3 -DNOEXPAT -O0 -ggdb3  conftest.c  >&5
configure:14447: $? = 0
configure:14447: result: yes
configure:14447: checking for rmdir
configure:14447: gcc -o conftest -O0 -ggdb3 -DNOEXPAT -O0 -ggdb3  conftest.c  >&5
configure:14447: $? = 0
configure:14447: result: yes
configure:14447: checking for select
configure:14447: gcc -o conftest -O0 -ggdb3 -DNOEXPAT -O0 -ggdb3  conftest.c  >&5
configure:14447: $? = 0
configure:14447: result: yes
configure:14447: checking for socket
configure:14447: gcc -o conftest -O0 -ggdb3 -DNOEXPAT -O0 -ggdb3  conftest.c  >&5
configure:14447: $? = 0
configure:14447: result: yes
configure:14447: checking for strcasecmp
configure:14447: gcc -o conftest -O0 -ggdb3 -DNOEXPAT -O0 -ggdb3  conftest.c  >&5
conftest.c:82:6: warning: conflicting types for built-in function 'strcasecmp'; expected 'int(const char *, const char *)' [-Wbuiltin-declaration-mismatch]
   82 | char strcasecmp ();
      |      ^~~~~~~~~~
configure:14447: $? = 0
configure:14447: result: yes
configure:14447: checking for strchr
configure:14447: gcc -o conftest -O0 -ggdb3 -DNOEXPAT -O0 -ggdb3  conftest.c  >&5
conftest.c:83:6: warning: conflicting types for built-in function 'strchr'; expected 'char *(const char *, int)' [-Wbuiltin-declaration-mismatch]
   83 | char strchr ();
      |      ^~~~~~
conftest.c:71:1: note: 'strchr' is declared in header '<string.h>'
   70 | # include <limits.h>
   71 | #else
configure:14447: $? = 0
configure:14447: result: yes
configure:14447: checking for strerror
configure:14447: gcc -o conftest -O0 -ggdb3 -DNOEXPAT -O0 -ggdb3  conftest.c  >&5
configure:14447: $? = 0
configure:14447: result: yes
configure:14447: checking for strncasecmp
configure:14447: gcc -o conftest -O0 -ggdb3 -DNOEXPAT -O0 -ggdb3  conftest.c  >&5
conftest.c:85:6: warning: conflicting types for built-in function 'strncasecmp'; expected 'int(const char *, const char *, long unsigned int)' [-Wbuiltin-declaration-mismatch]
   85 | char strncasecmp ();
      |      ^~~~~~~~~~~
configure:14447: $? = 0
configure:14447: result: yes
configure:14447: checking for strstr
configure:14447: gcc -o conftest -O0 -ggdb3 -DNOEXPAT -O0 -ggdb3  conftest.c  >&5
conftest.c:86:6: warning: conflicting types for built-in function 'strstr'; expected 'char *(const char *, const char *)' [-Wbuiltin-declaration-mismatch]
   86 | char strstr ();
      |      ^~~~~~
conftest.c:74:1: note: 'strstr' is declared in header '<string.h>'
   73 | # include <limits.h>
   74 | #else
configure:14447: $? = 0
configure:14447: result: yes
configure:14447: checking for strtoul
configure:14447: gcc -o conftest -O0 -ggdb3 -DNOEXPAT -O0 -ggdb3  conftest.c  >&5
configure:14447: $? = 0
configure:14447: result: yes
configure:14447: checking for uname
configure:14447: gcc -o conftest -O0 -ggdb3 -DNOEXPAT -O0 -ggdb3  conftest.c  >&5
configure:14447: $? = 0
configure:14447: result: yes
configure:14611: checking that generated files are newer than configure
configure:14617: result: done
configure:14728: creating ./config.status

## ---------------------- ##
## Running config.status. ##
## ---------------------- ##

This file was extended by ion config.status open source 3.7.4/4.1.0, which was
generated by GNU Autoconf 2.69.  Invocation command line was

  CONFIG_FILES    = 
  CONFIG_HEADERS  = 
  CONFIG_LINKS    = 
  CONFIG_COMMANDS = 
  $ ./config.status 

on w1nz4c4r-DTN

config.status:1187: creating Makefile
config.status:1187: creating contrib/Makefile
config.status:1187: creating config.h
config.status:1416: executing depfiles commands
config.status:1493: cd .       && sed -e '/# am--include-marker/d' Makefile         | make -f - am--depfiles
config.status:1498: $? = 0
config.status:1493: cd contrib       && sed -e '/# am--include-marker/d' Makefile         | make -f - am--depfiles
config.status:1498: $? = 0
config.status:1416: executing libtool commands

## ---------------- ##
## Cache variables. ##
## ---------------- ##

ac_cv_build=x86_64-pc-linux-gnu
ac_cv_c_compiler_gnu=yes
ac_cv_c_const=yes
ac_cv_env_CC_set=
ac_cv_env_CC_value=
ac_cv_env_CFLAGS_set=set
ac_cv_env_CFLAGS_value='-O0 -ggdb3'
ac_cv_env_CPPFLAGS_set=set
ac_cv_env_CPPFLAGS_value='-O0 -ggdb3'
ac_cv_env_CPP_set=
ac_cv_env_CPP_value=
ac_cv_env_LDFLAGS_set=
ac_cv_env_LDFLAGS_value=
ac_cv_env_LIBS_set=
ac_cv_env_LIBS_value=
ac_cv_env_LT_SYS_LIBRARY_PATH_set=
ac_cv_env_LT_SYS_LIBRARY_PATH_value=
ac_cv_env_build_alias_set=
ac_cv_env_build_alias_value=
ac_cv_env_host_alias_set=
ac_cv_env_host_alias_value=
ac_cv_env_target_alias_set=
ac_cv_env_target_alias_value=
ac_cv_func_alarm=yes
ac_cv_func_fork=yes
ac_cv_func_fork_works=yes
ac_cv_func_ftruncate=yes
ac_cv_func_getcwd=yes
ac_cv_func_gethostbyaddr=yes
ac_cv_func_gethostbyname=yes
ac_cv_func_gethostname=yes
ac_cv_func_gettimeofday=yes
ac_cv_func_memset=yes
ac_cv_func_mkdir=yes
ac_cv_func_mkfifo=yes
ac_cv_func_pow=no
ac_cv_func_rmdir=yes
ac_cv_func_select=yes
ac_cv_func_socket=yes
ac_cv_func_strcasecmp=yes
ac_cv_func_strchr=yes
ac_cv_func_strerror=yes
ac_cv_func_strncasecmp=yes
ac_cv_func_strstr=yes
ac_cv_func_strtoul=yes
ac_cv_func_uname=yes
ac_cv_func_vfork=yes
ac_cv_func_vfork_works=yes
ac_cv_header_dirent_dirent_h=yes
ac_cv_header_dlfcn_h=yes
ac_cv_header_fcntl_h=yes
ac_cv_header_inttypes_h=yes
ac_cv_header_malloc_h=yes
ac_cv_header_memory_h=yes
ac_cv_header_netdb_h=yes
ac_cv_header_netinet_in_h=yes
ac_cv_header_stdc=yes
ac_cv_header_stddef_h=yes
ac_cv_header_stdint_h=yes
ac_cv_header_stdlib_h=yes
ac_cv_header_string_h=yes
ac_cv_header_strings_h=yes
ac_cv_header_sys_ioctl_h=yes
ac_cv_header_sys_param_h=yes
ac_cv_header_sys_socket_h=yes
ac_cv_header_sys_stat_h=yes
ac_cv_header_sys_time_h=yes
ac_cv_header_sys_types_h=yes
ac_cv_header_sys_wait_h=yes
ac_cv_header_time=yes
ac_cv_header_unistd_h=yes
ac_cv_header_valgrind_valgrind_h=no
ac_cv_header_vfork_h=no
ac_cv_host=x86_64-pc-linux-gnu
ac_cv_lib_expat_XML_GetCurrentLineNumber=yes
ac_cv_lib_mysqlclient_mysql_real_connect=no
ac_cv_lib_ncurses_initscr=no
ac_cv_lib_pthread_pthread_create=yes
ac_cv_objext=o
ac_cv_path_EGREP='/usr/bin/grep -E'
ac_cv_path_FGREP='/usr/bin/grep -F'
ac_cv_path_GREP=/usr/bin/grep
ac_cv_path_GROFF=/usr/bin/groff
ac_cv_path_MANOPTS=/usr/bin/man
ac_cv_path_PDF2PS=/usr/bin/pdf2ps
ac_cv_path_PS2PDF=/usr/bin/ps2pdf
ac_cv_path_SED=/usr/bin/sed
ac_cv_path_install='/usr/bin/install -c'
ac_cv_path_lt_DD=/usr/bin/dd
ac_cv_path_mkdir=/usr/bin/mkdir
ac_cv_prog_AWK=mawk
ac_cv_prog_CPP='gcc -E'
ac_cv_prog_POD_DOCUMENTATION=pod2man
ac_cv_prog_ac_ct_AR=ar
ac_cv_prog_ac_ct_CC=gcc
ac_cv_prog_ac_ct_MANIFEST_TOOL=mt
ac_cv_prog_ac_ct_OBJDUMP=objdump
ac_cv_prog_ac_ct_RANLIB=ranlib
ac_cv_prog_ac_ct_STRIP=strip
ac_cv_prog_cc_c89=
ac_cv_prog_cc_g=yes
ac_cv_prog_gcc_traditional=no
ac_cv_prog_make_make_set=yes
ac_cv_search_opendir='none required'
ac_cv_struct_tm=time.h
ac_cv_type_pid_t=yes
ac_cv_type_signal=void
ac_cv_type_size_t=yes
ac_cv_type_uid_t=yes
am_cv_CC_dependencies_compiler_type=gcc3
am_cv_ar_interface=ar
am_cv_make_support_nested_variables=yes
am_cv_prog_cc_c_o=yes
lt_cv_ar_at_file=@
lt_cv_archive_cmds_need_lc=no
lt_cv_deplibs_check_method=pass_all
lt_cv_file_magic_cmd='$MAGIC_CMD'
lt_cv_file_magic_test_file=
lt_cv_ld_reload_flag=-r
lt_cv_nm_interface='BSD nm'
lt_cv_objdir=.libs
lt_cv_path_LD=/usr/bin/ld
lt_cv_path_NM='/usr/bin/nm -B'
lt_cv_path_mainfest_tool=no
lt_cv_prog_compiler_c_o=yes
lt_cv_prog_compiler_pic='-fPIC -DPIC'
lt_cv_prog_compiler_pic_works=yes
lt_cv_prog_compiler_rtti_exceptions=no
lt_cv_prog_compiler_static_works=yes
lt_cv_prog_gnu_ld=yes
lt_cv_sharedlib_from_linklib_cmd='printf %s\n'
lt_cv_shlibpath_overrides_runpath=yes
lt_cv_sys_global_symbol_pipe='sed -n -e '\''s/^.*[	 ]\([ABCDGIRSTW][ABCDGIRSTW]*\)[	 ][	 ]*\([_A-Za-z][_A-Za-z0-9]*\)$/\1 \2 \2/p'\'' | sed '\''/ __gnu_lto/d'\'''
lt_cv_sys_global_symbol_to_c_name_address='sed -n -e '\''s/^: \(.*\) .*$/  {"\1", (void *) 0},/p'\'' -e '\''s/^[ABCDGIRSTW][ABCDGIRSTW]* .* \(.*\)$/  {"\1", (void *) \&\1},/p'\'''
lt_cv_sys_global_symbol_to_c_name_address_lib_prefix='sed -n -e '\''s/^: \(.*\) .*$/  {"\1", (void *) 0},/p'\'' -e '\''s/^[ABCDGIRSTW][ABCDGIRSTW]* .* \(lib.*\)$/  {"\1", (void *) \&\1},/p'\'' -e '\''s/^[ABCDGIRSTW][ABCDGIRSTW]* .* \(.*\)$/  {"lib\1", (void *) \&\1},/p'\'''
lt_cv_sys_global_symbol_to_cdecl='sed -n -e '\''s/^T .* \(.*\)$/extern int \1();/p'\'' -e '\''s/^[ABCDGIRSTW][ABCDGIRSTW]* .* \(.*\)$/extern char \1;/p'\'''
lt_cv_sys_global_symbol_to_import=
lt_cv_sys_max_cmd_len=1572864
lt_cv_to_host_file_cmd=func_convert_file_noop
lt_cv_to_tool_file_cmd=func_convert_file_noop
lt_cv_truncate_bin='/usr/bin/dd bs=4096 count=1'

## ----------------- ##
## Output variables. ##
## ----------------- ##

ACLOCAL='${SHELL} '\''/home/w1nz4c4r/Desktop/DTN/ion-open-source-4.1.0/missing'\'' aclocal-1.16'
AMDEPBACKSLASH='\'
AMDEP_FALSE='#'
AMDEP_TRUE=''
AMTAR='$${TAR-tar}'
AM_BACKSLASH='\'
AM_CFLAGS=' -Dlinux -DSPACE_ORDER=3 -fno-strict-aliasing -DVNAME=ION-OPEN-SOURCE-4.1.0 -DBUILD_BPv7 -DENABLE_IMC -DENABLE_MANPAGES'
AM_DEFAULT_V='$(AM_DEFAULT_VERBOSITY)'
AM_DEFAULT_VERBOSITY='1'
AM_LDFLAGS=' -lpthread'
AM_LIBTOOLFLAGS=''
AM_V='$(V)'
AR='ar'
AUTOCONF='${SHELL} '\''/home/w1nz4c4r/Desktop/DTN/ion-open-source-4.1.0/missing'\'' autoconf'
AUTOHEADER='${SHELL} '\''/home/w1nz4c4r/Desktop/DTN/ion-open-source-4.1.0/missing'\'' autoheader'
AUTOMAKE='${SHELL} '\''/home/w1nz4c4r/Desktop/DTN/ion-open-source-4.1.0/missing'\'' automake-1.16'
AWK='mawk'
BP_DIR='bpv7'
BUILD_BPv6_FALSE=''
BUILD_BPv6_TRUE='#'
BUILD_BPv7_FALSE='#'
BUILD_BPv7_TRUE=''
BUILD_CONTRIB_FALSE=''
BUILD_CONTRIB_TRUE='#'
BUILD_NM_REST_FALSE=''
BUILD_NM_REST_TRUE='#'
CC='gcc'
CCDEPMODE='depmode=gcc3'
CFLAGS='-O0 -ggdb3 -DNOEXPAT'
CPP='gcc -E'
CPPFLAGS='-O0 -ggdb3'
CRYPTO_FALSE=''
CRYPTO_LIBS=''
CRYPTO_TRUE='#'
CYGPATH_W='echo'
DEFS='-DHAVE_CONFIG_H'
DEPDIR='.deps'
DLLTOOL='false'
DSYMUTIL=''
DUMPBIN=''
ECHO_C=''
ECHO_N='-n'
ECHO_T=''
EGREP='/usr/bin/grep -E'
ENABLE_AUTODOC_FALSE=''
ENABLE_AUTODOC_TRUE='#'
ENABLE_BPACS_FALSE=''
ENABLE_BPACS_TRUE='#'
ENABLE_DEBUGGING_FALSE=''
ENABLE_DEBUGGING_TRUE='#'
ENABLE_EXPAT_FALSE=''
ENABLE_EXPAT_TRUE='#'
ENABLE_GCOV_FALSE=''
ENABLE_GCOV_TRUE='#'
ENABLE_HIGH_SPEED_FALSE=''
ENABLE_HIGH_SPEED_TRUE='#'
ENABLE_IMC_FALSE='#'
ENABLE_IMC_TRUE=''
ENABLE_MANPAGES_FALSE='#'
ENABLE_MANPAGES_TRUE=''
ENABLE_MYSQL_FALSE=''
ENABLE_MYSQL_TRUE='#'
ENABLE_NCURSES_FALSE=''
ENABLE_NCURSES_TRUE='#'
EXEEXT=''
EXPAT_LIBS='-lexpat'
FGREP='/usr/bin/grep -F'
GREP='/usr/bin/grep'
GROFF='/usr/bin/groff'
GROFFMS=''
INSTALL_DATA='${INSTALL} -m 644'
INSTALL_PROGRAM='${INSTALL}'
INSTALL_SCRIPT='${INSTALL}'
INSTALL_STRIP_PROGRAM='$(install_sh) -c -s'
ION_NASA_B_FALSE=''
ION_NASA_B_TRUE='#'
LD='/usr/bin/ld -m elf_x86_64'
LDFLAGS=''
LIBOBJS=''
LIBS=''
LIBTOOL='$(SHELL) $(top_builddir)/libtool'
LINUX_BUILD_FALSE='#'
LINUX_BUILD_TRUE=''
LIPO=''
LN_S='ln -s'
LTLIBOBJS=''
LT_SYS_LIBRARY_PATH=''
MAKEINFO='${SHELL} '\''/home/w1nz4c4r/Desktop/DTN/ion-open-source-4.1.0/missing'\'' makeinfo'
MANIFEST_TOOL=':'
MANOPTS='/usr/bin/man'
MKDIR_P='/usr/bin/mkdir -p'
MYSQL_LIBS=''
NCURSES_LIBS=''
NM='/usr/bin/nm -B'
NMEDIT=''
OBJDUMP='objdump'
OBJEXT='o'
OTOOL64=''
OTOOL=''
PACKAGE='ion'
PACKAGE_BUGREPORT='ion-dtn-support@lists.sourceforge.net'
PACKAGE_NAME='ion'
PACKAGE_STRING='ion open source 3.7.4/4.1.0'
PACKAGE_TARNAME='ion'
PACKAGE_URL=''
PACKAGE_VERSION='open source 3.7.4/4.1.0'
PATH_SEPARATOR=':'
PDF2PS='/usr/bin/pdf2ps'
PDFJOIN='/home/w1nz4c4r/Desktop/DTN/ion-open-source-4.1.0/doc/pdfjoin'
POD_DOCUMENTATION='pod2man'
PS2PDF='/usr/bin/ps2pdf'
PSJOIN='/home/w1nz4c4r/Desktop/DTN/ion-open-source-4.1.0/doc/psjoin'
RANLIB='ranlib'
SED='/usr/bin/sed'
SET_MAKE=''
SHELL='/bin/bash'
SOLARIS_FALSE=''
SOLARIS_STUDIO_CC_FALSE=''
SOLARIS_STUDIO_CC_TRUE='#'
SOLARIS_TRUE='#'
STRIP='strip'
UNIBO_CGR_FALSE=''
UNIBO_CGR_TRUE='#'
VALGRIND_COMPAT_CFLAGS=''
VERSION='open source 3.7.4/4.1.0'
WINDOWS_FALSE=''
WINDOWS_TRUE='#'
ac_ct_AR='ar'
ac_ct_CC='gcc'
ac_ct_DUMPBIN=''
am__EXEEXT_FALSE=''
am__EXEEXT_TRUE='#'
am__fastdepCC_FALSE='#'
am__fastdepCC_TRUE=''
am__include='include'
am__isrc=''
am__leading_dot='.'
am__nodep='_no'
am__quote=''
am__tar='$${TAR-tar} chof - "$$tardir"'
am__untar='$${TAR-tar} xf -'
bindir='${exec_prefix}/bin'
build='x86_64-pc-linux-gnu'
build_alias=''
build_cpu='x86_64'
build_os='linux-gnu'
build_vendor='pc'
datadir='${datarootdir}'
datarootdir='${prefix}/share'
docdir='${datarootdir}/doc/${PACKAGE_TARNAME}'
dvidir='${docdir}'
exec_prefix='${prefix}'
host='x86_64-pc-linux-gnu'
host_alias=''
host_cpu='x86_64'
host_os='linux-gnu'
host_vendor='pc'
htmldir='${docdir}'
includedir='${prefix}/include'
infodir='${datarootdir}/info'
install_sh='${SHELL} /home/w1nz4c4r/Desktop/DTN/ion-open-source-4.1.0/install-sh'
libdir='${exec_prefix}/lib'
libexecdir='${exec_prefix}/libexec'
localedir='${datarootdir}/locale'
localstatedir='${prefix}/var'
mandir='${datarootdir}/man'
mkdir_p='$(MKDIR_P)'
oldincludedir='/usr/include'
pdfdir='${docdir}'
prefix='/usr/local'
program_transform_name='s,x,x,'
psdir='${docdir}'
runstatedir='${localstatedir}/run'
sbindir='${exec_prefix}/sbin'
sharedstatedir='${prefix}/com'
sysconfdir='${prefix}/etc'
target_alias=''

## ----------- ##
## confdefs.h. ##
## ----------- ##

/* confdefs.h */
#define PACKAGE_NAME "ion"
#define PACKAGE_TARNAME "ion"
#define PACKAGE_VERSION "open source 3.7.4/4.1.0"
#define PACKAGE_STRING "ion open source 3.7.4/4.1.0"
#define PACKAGE_BUGREPORT "ion-dtn-support@lists.sourceforge.net"
#define PACKAGE_URL ""
#define PACKAGE "ion"
#define VERSION "open source 3.7.4/4.1.0"
#define STDC_HEADERS 1
#define HAVE_SYS_TYPES_H 1
#define HAVE_SYS_STAT_H 1
#define HAVE_STDLIB_H 1
#define HAVE_STRING_H 1
#define HAVE_MEMORY_H 1
#define HAVE_STRINGS_H 1
#define HAVE_INTTYPES_H 1
#define HAVE_STDINT_H 1
#define HAVE_UNISTD_H 1
#define HAVE_DLFCN_H 1
#define LT_OBJDIR ".libs/"
#define linux 1
#define UNIBO_CGR 0
#define HAVE_DIRENT_H 1
#define STDC_HEADERS 1
#define HAVE_SYS_WAIT_H 1
#define HAVE_FCNTL_H 1
#define HAVE_MALLOC_H 1
#define HAVE_NETDB_H 1
#define HAVE_NETINET_IN_H 1
#define HAVE_STDDEF_H 1
#define HAVE_STDLIB_H 1
#define HAVE_STRING_H 1
#define HAVE_SYS_IOCTL_H 1
#define HAVE_SYS_PARAM_H 1
#define HAVE_SYS_SOCKET_H 1
#define HAVE_SYS_TIME_H 1
#define HAVE_UNISTD_H 1
#define TIME_WITH_SYS_TIME 1
#define HAVE_FORK 1
#define HAVE_VFORK 1
#define HAVE_WORKING_VFORK 1
#define HAVE_WORKING_FORK 1
#define RETSIGTYPE void
#define HAVE_ALARM 1
#define HAVE_FTRUNCATE 1
#define HAVE_GETCWD 1
#define HAVE_GETHOSTBYADDR 1
#define HAVE_GETHOSTBYNAME 1
#define HAVE_GETHOSTNAME 1
#define HAVE_GETTIMEOFDAY 1
#define HAVE_MEMSET 1
#define HAVE_MKDIR 1
#define HAVE_MKFIFO 1
#define HAVE_RMDIR 1
#define HAVE_SELECT 1
#define HAVE_SOCKET 1
#define HAVE_STRCASECMP 1
#define HAVE_STRCHR 1
#define HAVE_STRERROR 1
#define HAVE_STRNCASECMP 1
#define HAVE_STRSTR 1
#define HAVE_STRTOUL 1
#define HAVE_UNAME 1

configure: exit 0

## ---------------------- ##
## Running config.status. ##
## ---------------------- ##

This file was extended by ion config.status open source 3.7.4/4.1.0, which was
generated by GNU Autoconf 2.69.  Invocation command line was

  CONFIG_FILES    = 
  CONFIG_HEADERS  = 
  CONFIG_LINKS    = 
  CONFIG_COMMANDS = 
  $ ./config.status config.h

on w1nz4c4r-DTN

config.status:1187: creating config.h
config.status:1368: config.h is unchanged
